Modo compatible activado: se derivaron Carreras/Matrícula/Equivalencia desde Hoja1.
📋 Fase 3: Resolviendo 7977 ambigüedades SIES...
{
  "avance": {
    "rows": {
      "carreras_control": 54,
      "matricula_ac_control": 2830,
      "matricula_unificada_control": 2830,
      "historico_total": 24827,
      "historico_mapeado": 24827,
      "historico_sin_mapeo": 0
    },
    "issues": [
      {
        "severity": "WARN",
        "area": "matricula_unificada",
        "message": "COD_CAR con MODALIDAD no resuelta (equivalencia dudosa)",
        "count": 2830
      }
    ],
    "ambiguedad": {
      "codcarr_total": 46,
      "codcarr_ambiguos": 0
    },
    "calidad_semantica": {
      "matricula_unificada": {
        "avg_null_pct": 0.8125,
        "avg_default_like_pct": 0.8466,
        "provenance_pct": {
          "source_exact": 0.25,
          "source_normalized": 0.5938,
          "missing_blocker": 0.0625,
          "manual_mapping": 0.0938
        }
      },
      "carreras_ac": {
        "avg_null_pct": 0.9091,
        "avg_default_like_pct": 0.9091,
        "provenance_pct": {
          "template_preserved": 1.0
        }
      },
      "matricula_ac": {
        "avg_null_pct": 0.5,
        "avg_default_like_pct": 0.6932,
        "provenance_pct": {
          "template_preserved": 0.7273,
          "derived_rule": 0.2727
        }
      }
    },
    "apto_oficial": {
      "matricula_unificada": true,
      "avance_curricular": true
    }
  },
  "matricula": {
    "output_file": "/Users/alexi/Documents/GitHub/avance_curricular/resultados/archivo_listo_para_sies.xlsx",
    "sheet_used": "Hoja1",
    "rows": 24827,
    "estado_inicial": {
      "Matrícula Duplicada": 24753,
      "Matrícula OK": 74
    },
    "manual_match": {
      "MATCH_MANUAL": 24827
    },
    "sies_diag": {
      "MATCH_SIES_UNICO": 16141,
      "MATCH_SIES_AMBIGUO": 7977,
      "EXCLUIDO_DIPLOMADO": 709
    },
    "catalogo_manual_rows": 277,
    "puente_sies_rows": 110,
    "catalogo_manual_source": "/Users/alexi/Documents/GitHub/avance_curricular/catalogo_manual.tsv",
    "puente_sies_source": "/Users/alexi/Documents/GitHub/avance_curricular/puente_sies.tsv"
  }
}
