📋 Fase 3: Resolviendo 7977 ambigüedades SIES...
{
  "output_file": "/Users/alexi/Documents/GitHub/avance_curricular/resultados/for_ing_fix/archivo_listo_para_sies.xlsx",
  "sheet_used": "Hoja1",
  "rows": 24827,
  "estado_inicial": {
    "Matrícula Duplicada": 24753,
    "Matrícula OK": 74
  },
  "manual_match": {
    "MATCH_MANUAL": 24827
  },
  "sies_diag": {
    "MATCH_SIES_UNICO": 16141,
    "MATCH_SIES_AMBIGUO": 7977,
    "EXCLUIDO_DIPLOMADO": 709
  },
  "catalogo_manual_rows": 277,
  "puente_sies_rows": 110,
  "catalogo_manual_source": "/Users/alexi/Documents/GitHub/avance_curricular/catalogo_manual.tsv",
  "puente_sies_source": "/Users/alexi/Documents/GitHub/avance_curricular/puente_sies.tsv"
}
